<?xml version="1.0" encoding="UTF-8"?>
<!-- Generated by org.testng.reporters.JUnitReportReporter -->
<testsuite hostname="METHRE" failures="1" tests="3" name="cucumberOptions.TestNGTestRunner" time="138.869" errors="0" timestamp="2023-10-15T20:27:30 IST" skipped="0">
  <testcase classname="cucumberOptions.TestNGTestRunner" name="runScenario" time="44.869"/>
  <testcase classname="cucumberOptions.TestNGTestRunner" name="runScenario" time="47.438">
    <failure message="expected [Beetroot] but found [No data]" type="java.lang.AssertionError">
      <![CDATA[java.lang.AssertionError: expected [Beetroot] but found [No data]
at org.testng.Assert.fail(Assert.java:111)
at org.testng.Assert.failNotEquals(Assert.java:1578)
at org.testng.Assert.assertEqualsImpl(Assert.java:150)
at org.testng.Assert.assertEquals(Assert.java:132)
at org.testng.Assert.assertEquals(Assert.java:656)
at org.testng.Assert.assertEquals(Assert.java:666)
at stepDefinitions.OfferPagePageStepDefinition.validate_product_name_in_offers_page(OfferPagePageStepDefinition.java:76)
at âœ½.Validate product name in offers page matches with landing Page(file:///C:/Users/Admin/eclipse-workspace/CucumberFrameworkRealTime/src/test/java/features/searchProduct.feature:10)
]]>
    </failure>
  </testcase> <!-- runScenario -->
  <testcase classname="cucumberOptions.TestNGTestRunner" name="runScenario" time="46.562"/>
</testsuite> <!-- cucumberOptions.TestNGTestRunner -->
